基础知识/code/AndroidService/app/build/intermediates/manifest_merge_blame_file/debug/manifest-merger-blame-debug-report.txt
1<?xml version="1.0" encoding="utf-8"?>
2<manifest xmlns:android="http://schemas.android.com/apk/res/android"
3    package="com.raywenderlich.android.memo"
4    android:versionCode="1"
5    android:versionName="1.0" >
6
7    <uses-sdk
8        android:minSdkVersion="21"
8-->src/main/AndroidManifest.xml
9        android:targetSdkVersion="30" />
9-->src/main/AndroidManifest.xml
10
11    <!-- TODO: Add FOREGROUND_SERVICE permission -->
12
13    <uses-permission android:name="android.permission.RECEIVE_BOOT_COMPLETED" />
13-->src/main/AndroidManifest.xml:8:3-79
13-->src/main/AndroidManifest.xml:8:20-76
14    <uses-permission android:name="android.permission.FOREGROUND_SERVICE" />
14-->src/main/AndroidManifest.xml:9:3-75
14-->src/main/AndroidManifest.xml:9:20-72
15
16    <application
16-->src/main/AndroidManifest.xml:12:3-52:17
17        android:allowBackup="false"
17-->src/main/AndroidManifest.xml:13:5-32
18        android:appComponentFactory="androidx.core.app.CoreComponentFactory"
18-->[androidx.core:core:1.3.1] AndroidManifest.xml:24:18-86
19        android:debuggable="true"
20        android:icon="@mipmap/ic_launcher"
20-->src/main/AndroidManifest.xml:14:5-39
21        android:label="@string/app_name"
21-->src/main/AndroidManifest.xml:15:5-37
22        android:roundIcon="@mipmap/ic_launcher_round"
22-->src/main/AndroidManifest.xml:16:5-50
23        android:supportsRtl="true"
23-->src/main/AndroidManifest.xml:17:5-31
24        android:testOnly="true"
25        android:theme="@style/AppTheme" >
25-->src/main/AndroidManifest.xml:18:5-36
26
27        <!-- Main Activity -->
28        <activity
28-->src/main/AndroidManifest.xml:22:5-30:16
29            android:name="com.raywenderlich.android.memo.ui.MainActivity"
29-->src/main/AndroidManifest.xml:23:7-38
30            android:launchMode="singleTask"
30-->src/main/AndroidManifest.xml:24:7-38
31            android:theme="@style/SplashTheme" >
31-->src/main/AndroidManifest.xml:25:7-41
32            <intent-filter>
32-->src/main/AndroidManifest.xml:26:7-29:23
33                <action android:name="android.intent.action.MAIN" />
33-->src/main/AndroidManifest.xml:27:9-61
33-->src/main/AndroidManifest.xml:27:17-58
34
35                <category android:name="android.intent.category.LAUNCHER" />
35-->src/main/AndroidManifest.xml:28:9-69
35-->src/main/AndroidManifest.xml:28:19-66
36            </intent-filter>
37        </activity>
38
39        <receiver
39-->src/main/AndroidManifest.xml:32:5-40:16
40            android:name="com.raywenderlich.android.memo.ui.MainActivity$TimerReceiver"
40-->src/main/AndroidManifest.xml:33:7-52
41            android:enabled="true"
41-->src/main/AndroidManifest.xml:34:7-29
42            android:exported="true" >
42-->src/main/AndroidManifest.xml:35:7-30
43            <intent-filter>
43-->src/main/AndroidManifest.xml:36:7-39:23
44                <action android:name="android.intent.action.BOOT_COMPLETED" />
44-->src/main/AndroidManifest.xml:37:9-71
44-->src/main/AndroidManifest.xml:37:17-68
45                <action android:name="android.intent.action.INPUT_METHOD_CHANGED" />
45-->src/main/AndroidManifest.xml:38:9-77
45-->src/main/AndroidManifest.xml:38:17-74
46            </intent-filter>
47        </receiver>
48
49        <!-- TODO: Define services -->
50        <service
50-->src/main/AndroidManifest.xml:43:5-46:36
51            android:name="com.raywenderlich.android.memo.services.TimerService"
51-->src/main/AndroidManifest.xml:44:9-46
52            android:enabled="true"
52-->src/main/AndroidManifest.xml:45:9-31
53            android:exported="false" />
53-->src/main/AndroidManifest.xml:46:9-33
54        <service
54-->src/main/AndroidManifest.xml:48:5-51:36
55            android:name="com.raywenderlich.android.memo.services.MusicService"
55-->src/main/AndroidManifest.xml:49:9-46
56            android:enabled="true"
56-->src/main/AndroidManifest.xml:50:9-31
57            android:exported="false" />
57-->src/main/AndroidManifest.xml:51:9-33
58    </application>
59
60</manifest>